[
  {
    "level": "INFO",
    "message": "android.ndkVersion from module build.gradle is not set"
  },
  {
    "level": "INFO",
    "message": "ndk.dir in local.properties is C:\\Users\\sweta\\AppData\\Local\\Android\\Sdk\\ndk"
  },
  {
    "level": "INFO",
    "message": "ANDROID_NDK_HOME environment variable is not set"
  },
  {
    "level": "INFO",
    "message": "sdkFolder is C:\\Users\\AVITA\\AppData\\Local\\Android\\Sdk"
  },
  {
    "level": "INFO",
    "message": "Considering C:\\Users\\sweta\\AppData\\Local\\Android\\Sdk\\ndk by ndk.dir"
  },
  {
    "level": "INFO",
    "message": "Considering C:\\Users\\AVITA\\AppData\\Local\\Android\\Sdk\\ndk-bundle in SDK ndk-bundle folder"
  },
  {
    "level": "INFO",
    "message": "Considering C:\\Users\\AVITA\\AppData\\Local\\Android\\Sdk\\ndk\\21.0.6113669 in SDK ndk folder"
  },
  {
    "level": "INFO",
    "message": "Considering C:\\Users\\AVITA\\AppData\\Local\\Android\\Sdk\\ndk\\21.1.6352462 in SDK ndk folder"
  },
  {
    "level": "INFO",
    "message": "Considering C:\\Users\\AVITA\\AppData\\Local\\Android\\Sdk\\ndk\\21.4.7075529 in SDK ndk folder"
  },
  {
    "level": "INFO",
    "message": "Considering C:\\Users\\AVITA\\AppData\\Local\\Android\\Sdk\\ndk\\23.1.7779620 in SDK ndk folder"
  },
  {
    "level": "INFO",
    "message": "Rejected C:\\Users\\sweta\\AppData\\Local\\Android\\Sdk\\ndk by ndk.dir because that location has no source.properties"
  },
  {
    "level": "INFO",
    "message": "Rejected C:\\Users\\AVITA\\AppData\\Local\\Android\\Sdk\\ndk-bundle in SDK ndk-bundle folder because that location has no source.properties"
  },
  {
    "level": "ERROR",
    "message": "Location specified by ndk.dir (C:\\Users\\sweta\\AppData\\Local\\Android\\Sdk\\ndk) did not contain a valid NDK and and couldn\u0027t be used"
  },
  {
    "level": "INFO",
    "message": "Using C:\\Users\\AVITA\\AppData\\Local\\Android\\Sdk\\ndk\\23.1.7779620 which is version 23.1.7779620 as fallback but build will fail"
  }
]